{
  "RSpec": {
    "coverage": {
      "/home/ubuntu/workspace/TPmDb/TPmDb/app/mailers/application_mailer.rb": [
        0,
        0,
        0,
        0
      ],
      "/home/ubuntu/workspace/TPmDb/TPmDb/app/controllers/users_controller.rb": [
        0,
        0,
        0,
        0,
        0,
        0,
        0,
        0,
        0,
        0,
        0,
        0,
        0,
        0,
        0,
        0,
        0,
        0,
        0,
        0,
        0,
        0,
        0,
        0,
        0,
        0,
        0,
        0,
        0,
        0,
        0,
        0,
        0,
        0,
        0,
        0,
        0,
        0
      ],
      "/home/ubuntu/workspace/TPmDb/TPmDb/app/controllers/homepages_controller.rb": [
        0,
        0,
        0,
        0,
        0,
        0,
        0,
        0,
        0,
        0,
        0,
        0,
        0,
        0,
        0,
        0,
        0,
        0,
        0,
        0,
        0,
        0,
        0,
        0,
        0,
        0,
        0,
        0,
        0,
        0,
        0,
        0,
        0,
        0,
        0,
        0,
        0,
        0,
        0,
        0,
        0,
        0,
        0,
        0,
        0,
        0,
        0,
        0,
        0,
        0,
        0,
        0,
        0,
        0,
        0,
        0,
        0,
        0,
        0,
        0,
        0,
        0,
        0,
        0
      ],
      "/home/ubuntu/workspace/TPmDb/TPmDb/app/controllers/sessions_controller.rb": [
        0,
        0,
        0,
        0,
        0,
        0,
        0,
        0,
        0,
        0,
        0,
        0,
        0,
        0,
        0,
        0,
        0,
        0,
        0,
        0,
        0,
        0,
        0,
        0,
        0,
        0,
        0,
        0,
        0,
        0,
        0,
        0,
        0,
        0,
        0
      ],
      "/home/ubuntu/workspace/TPmDb/TPmDb/app/controllers/application_controller.rb": [
        0,
        0,
        0
      ],
      "/home/ubuntu/workspace/TPmDb/TPmDb/app/controllers/pokemon_controller.rb": [
        0,
        0,
        0,
        0,
        0,
        0,
        0,
        0,
        0,
        0,
        0,
        0,
        0,
        0,
        0,
        0,
        0,
        0,
        0,
        0,
        0,
        0,
        0,
        0,
        0,
        0,
        0,
        0,
        0,
        0,
        0,
        0,
        0,
        0,
        0,
        0,
        0
      ],
      "/home/ubuntu/workspace/TPmDb/TPmDb/app/jobs/application_job.rb": [
        0,
        0
      ],
      "/home/ubuntu/workspace/TPmDb/TPmDb/app/helpers/sessions_helper.rb": [
        0,
        0
      ],
      "/home/ubuntu/workspace/TPmDb/TPmDb/app/helpers/pokemon_helper.rb": [
        0,
        0
      ],
      "/home/ubuntu/workspace/TPmDb/TPmDb/app/helpers/homepages_helper.rb": [
        0,
        0
      ],
      "/home/ubuntu/workspace/TPmDb/TPmDb/app/helpers/application_helper.rb": [
        0,
        0
      ],
      "/home/ubuntu/workspace/TPmDb/TPmDb/app/helpers/users_helper.rb": [
        0,
        0
      ],
      "/home/ubuntu/workspace/TPmDb/TPmDb/app/channels/application_cable/connection.rb": [
        0,
        0,
        0,
        0
      ],
      "/home/ubuntu/workspace/TPmDb/TPmDb/app/channels/application_cable/channel.rb": [
        0,
        0,
        0,
        0
      ],
      "/home/ubuntu/workspace/TPmDb/TPmDb/app/models/user.rb": [
        0,
        0,
        0,
        0,
        0,
        0,
        0,
        0
      ],
      "/home/ubuntu/workspace/TPmDb/TPmDb/app/models/application_record.rb": [
        0,
        0,
        0
      ],
      "/home/ubuntu/workspace/TPmDb/TPmDb/app/models/pokemon.rb": [
        0,
        0
      ]
    },
    "timestamp": 1478478296
  }
}
